0 info it worked if it ends with ok
1 verbose cli [ '/usr/bin/nodejs',
1 verbose cli   '/usr/bin/npm',
1 verbose cli   'publish',
1 verbose cli   '/root/package.js/' ]
2 info using npm@3.10.3
3 info using node@v6.5.0
4 verbose publish [ '/root/package.js/' ]
5 silly cache add args [ '/root/package.js/', null ]
6 verbose cache add spec /root/package.js/
7 silly cache add parsed spec Result {
7 silly cache add   raw: '/root/package.js/',
7 silly cache add   scope: null,
7 silly cache add   escapedName: null,
7 silly cache add   name: null,
7 silly cache add   rawSpec: '/root/package.js/',
7 silly cache add   spec: '/root/package.js',
7 silly cache add   type: 'directory' }
8 verbose addLocalDirectory /root/.npm/rapi-js-package/1.2.15/package.tgz not in flight; packing
9 verbose correctMkdir /root/.npm correctMkdir not in flight; initializing
10 info lifecycle rapi-js-package@1.2.15~prepublish: rapi-js-package@1.2.15
11 silly lifecycle rapi-js-package@1.2.15~prepublish: no script for prepublish, continuing
12 verbose tar pack [ '/root/.npm/rapi-js-package/1.2.15/package.tgz',
12 verbose tar pack   '/root/package.js' ]
13 verbose tarball /root/.npm/rapi-js-package/1.2.15/package.tgz
14 verbose folder /root/package.js
15 verbose addLocalTarball adding from inside cache /root/.npm/rapi-js-package/1.2.15/package.tgz
16 verbose correctMkdir /root/.npm correctMkdir not in flight; initializing
17 silly cache afterAdd rapi-js-package@1.2.15
18 verbose afterAdd /root/.npm/rapi-js-package/1.2.15/package/package.json not in flight; writing
19 verbose correctMkdir /root/.npm correctMkdir not in flight; initializing
20 verbose afterAdd /root/.npm/rapi-js-package/1.2.15/package/package.json written
21 silly publish { name: 'rapi-js-package',
21 silly publish   version: '1.2.15',
21 silly publish   description: '',
21 silly publish   main: 'index.js',
21 silly publish   scripts: { test: 'node_modules/mocha/bin/mocha --recursive' },
21 silly publish   author: { name: 'Dima Shirokov' },
21 silly publish   license: 'ISC',
21 silly publish   dependencies: { js2xmlparser: '^2.0.2', q: '^1.4.1', request: '^2.76.0' },
21 silly publish   devDependencies: { chai: '^3.5.0', mocha: '^2.4.5' },
21 silly publish   readme: 'ERROR: No README data found!',
21 silly publish   readmeFilename: 'README.md',
21 silly publish   gitHead: '082336cbf9016368f48cbb9209f828f75e2f0775',
21 silly publish   _id: 'rapi-js-package@1.2.15',
21 silly publish   _shasum: '388c4f1a188d1de62128fbb79442af3207cf84bd',
21 silly publish   _from: '../package.js',
21 silly publish   _resolved: 'file:../package.js' }
22 verbose getPublishConfig undefined
23 silly mapToRegistry name rapi-js-package
24 silly mapToRegistry using default registry
25 silly mapToRegistry registry https://registry.npmjs.org/
26 silly mapToRegistry data Result {
26 silly mapToRegistry   raw: 'rapi-js-package',
26 silly mapToRegistry   scope: null,
26 silly mapToRegistry   escapedName: 'rapi-js-package',
26 silly mapToRegistry   name: 'rapi-js-package',
26 silly mapToRegistry   rawSpec: '',
26 silly mapToRegistry   spec: 'latest',
26 silly mapToRegistry   type: 'tag' }
27 silly mapToRegistry uri https://registry.npmjs.org/rapi-js-package
28 verbose publish registryBase https://registry.npmjs.org/
29 silly publish uploading /root/.npm/rapi-js-package/1.2.15/package.tgz
30 verbose request uri https://registry.npmjs.org/rapi-js-package
31 verbose request sending authorization for write operation
32 info attempt registry request try #1 at 11:45:17 AM
33 verbose request using bearer token for auth
34 verbose request id cb1d75b44be84de3
35 http request PUT https://registry.npmjs.org/rapi-js-package
36 http 403 https://registry.npmjs.org/rapi-js-package
37 verbose headers { 'content-type': 'application/json',
37 verbose headers   'cache-control': 'max-age=300',
37 verbose headers   'content-length': '96',
37 verbose headers   'accept-ranges': 'bytes',
37 verbose headers   date: 'Tue, 13 Dec 2016 09:45:18 GMT',
37 verbose headers   via: '1.1 varnish',
37 verbose headers   connection: 'keep-alive',
37 verbose headers   'x-served-by': 'cache-hhn1534-HHN',
37 verbose headers   'x-cache': 'MISS',
37 verbose headers   'x-cache-hits': '0',
37 verbose headers   'x-timer': 'S1481622317.907410,VS0,VE957',
37 verbose headers   vary: 'Accept-Encoding' }
38 verbose request invalidating /root/.npm/registry.npmjs.org/rapi-js-package on PUT
39 error publish Failed PUT 403
40 verbose stack Error: "You cannot publish over the previously published version 1.2.15." : rapi-js-package
40 verbose stack     at makeError (/usr/lib/node_modules/npm/node_modules/npm-registry-client/lib/request.js:264:12)
40 verbose stack     at CachingRegistryClient.<anonymous> (/usr/lib/node_modules/npm/node_modules/npm-registry-client/lib/request.js:252:14)
40 verbose stack     at Request._callback (/usr/lib/node_modules/npm/node_modules/npm-registry-client/lib/request.js:172:14)
40 verbose stack     at Request.self.callback (/usr/lib/node_modules/npm/node_modules/request/request.js:200:22)
40 verbose stack     at emitTwo (events.js:106:13)
40 verbose stack     at Request.emit (events.js:191:7)
40 verbose stack     at Request.<anonymous> (/usr/lib/node_modules/npm/node_modules/request/request.js:1067:10)
40 verbose stack     at emitOne (events.js:101:20)
40 verbose stack     at Request.emit (events.js:188:7)
40 verbose stack     at IncomingMessage.<anonymous> (/usr/lib/node_modules/npm/node_modules/request/request.js:988:12)
41 verbose statusCode 403
42 verbose pkgid rapi-js-package
43 verbose cwd /root/Marketplace-Algolia-Package
44 error Linux 4.4.0-53-generic
45 error argv "/usr/bin/nodejs" "/usr/bin/npm" "publish" "/root/package.js/"
46 error node v6.5.0
47 error npm  v3.10.3
48 error code E403
49 error "You cannot publish over the previously published version 1.2.15." : rapi-js-package
50 error If you need help, you may report this error at:
50 error     <https://github.com/npm/npm/issues>
51 verbose exit [ 1, true ]
